<?xml version="1.0" encoding="UTF-8"?>
<robot generator="Robot 3.2.2 (Python 3.10.2 on win32)" generated="20220213 21:48:33.451" rpa="false">
<suite id="s1" name="RobotFW" source="C:\Users\Chintu\git\RobotProject_Keerthi\RobotFW">
<suite id="s1-s1" name="Test" source="C:\Users\Chintu\git\RobotProject_Keerthi\RobotFW\Test">
<suite id="s1-s1-s1" name="TestScripts" source="C:\Users\Chintu\git\RobotProject_Keerthi\RobotFW\Test\TestScripts">
<suite id="s1-s1-s1-s1" name="SampleSuite" source="C:\Users\Chintu\git\RobotProject_Keerthi\RobotFW\Test\TestScripts\SampleSuite.robot">
<kw name="Setup chromedriver" library="Keywords" type="setup">
<kw name="Set Environment Variable" library="OperatingSystem">
<doc>Sets an environment variable to a specified value.</doc>
<arguments>
<arg>webdriver.chrome.driver</arg>
<arg>${PATH}</arg>
</arguments>
<msg timestamp="20220213 21:48:34.439" level="INFO">Environment variable 'webdriver.chrome.driver' set to value 'C:\Users\Chintu\git\RobotProject_Keerthi\RobotFW\Resources\Variables/chromedriver.exe'.</msg>
<status status="PASS" starttime="20220213 21:48:34.437" endtime="20220213 21:48:34.439"></status>
</kw>
<status status="PASS" starttime="20220213 21:48:34.437" endtime="20220213 21:48:34.439"></status>
</kw>
<test id="s1-s1-s1-s1-t1" name="TestCase1:Verify able to navigate to SignInPage">
<kw name="Open Browser" library="SeleniumLibrary" type="setup">
<doc>Opens a new browser instance to the optional ``url``.</doc>
<arguments>
<arg>${url}</arg>
<arg>${browser}</arg>
</arguments>
<msg timestamp="20220213 21:48:34.441" level="INFO">Opening browser 'chrome' to base url 'https://www.postman.com/'.</msg>
<status status="PASS" starttime="20220213 21:48:34.441" endtime="20220213 21:48:36.785"></status>
</kw>
<kw name="Log To Console" library="BuiltIn">
<doc>Logs the given message to the console.</doc>
<arguments>
<arg>SignInPage</arg>
</arguments>
<status status="PASS" starttime="20220213 21:48:36.786" endtime="20220213 21:48:36.791"></status>
</kw>
<kw name="Wait" library="CommonFunctionalities">
<kw name="Set Selenium Implicit Wait" library="SeleniumLibrary">
<doc>Sets the implicit wait value used by Selenium.</doc>
<arguments>
<arg>10s</arg>
</arguments>
<status status="PASS" starttime="20220213 21:48:36.792" endtime="20220213 21:48:36.794"></status>
</kw>
<status status="PASS" starttime="20220213 21:48:36.791" endtime="20220213 21:48:36.795"></status>
</kw>
<kw name="Maximise Browser" library="CommonFunctionalities">
<kw name="Maximize Browser Window" library="SeleniumLibrary">
<doc>Maximizes current browser window.</doc>
<status status="PASS" starttime="20220213 21:48:36.796" endtime="20220213 21:48:36.932"></status>
</kw>
<status status="PASS" starttime="20220213 21:48:36.796" endtime="20220213 21:48:36.932"></status>
</kw>
<kw name="Navigate To SignIn Page" library="Keywords">
<kw name="Click Element" library="SeleniumLibrary">
<doc>Click the element identified by ``locator``.</doc>
<arguments>
<arg>//div[@class='sc-fzokOt hLgJkJ']//span[@class='Button__StyledButtonText-sc-1lbqkyz-2 ipCVAL aether-button__text' and text()='Sign In']</arg>
</arguments>
<msg timestamp="20220213 21:48:36.934" level="INFO">Clicking element '//div[@class='sc-fzokOt hLgJkJ']//span[@class='Button__StyledButtonText-sc-1lbqkyz-2 ipCVAL aether-button__text' and text()='Sign In']'.</msg>
<status status="PASS" starttime="20220213 21:48:36.934" endtime="20220213 21:48:37.760"></status>
</kw>
<status status="PASS" starttime="20220213 21:48:36.933" endtime="20220213 21:48:37.761"></status>
</kw>
<kw name="Verify SignInPageTitle" library="CommonFunctionalities">
<kw name="Get Title" library="SeleniumLibrary">
<doc>Returns the title of the current page.</doc>
<assign>
<var>${Title}</var>
</assign>
<msg timestamp="20220213 21:48:37.767" level="INFO">${Title} = Postman - Sign In</msg>
<status status="PASS" starttime="20220213 21:48:37.762" endtime="20220213 21:48:37.768"></status>
</kw>
<kw name="Should Be Equal" library="BuiltIn">
<doc>Fails if the given objects are unequal.</doc>
<arguments>
<arg>${Title}</arg>
<arg>${ExpectedwindowTitle}[0]</arg>
</arguments>
<status status="PASS" starttime="20220213 21:48:37.768" endtime="20220213 21:48:37.769"></status>
</kw>
<status status="PASS" starttime="20220213 21:48:37.761" endtime="20220213 21:48:37.769"></status>
</kw>
<kw name="Close Browser" library="SeleniumLibrary" type="teardown">
<doc>Closes the current browser.</doc>
<status status="PASS" starttime="20220213 21:48:37.770" endtime="20220213 21:48:39.966"></status>
</kw>
<tags>
<tag>RegressionTest</tag>
</tags>
<status status="PASS" starttime="20220213 21:48:34.439" endtime="20220213 21:48:39.966" critical="yes"></status>
</test>
<test id="s1-s1-s1-s1-t2" name="TestCase2: LoginTest with ValidCredentials">
<kw name="Open Browser" library="SeleniumLibrary" type="setup">
<doc>Opens a new browser instance to the optional ``url``.</doc>
<arguments>
<arg>${url}</arg>
<arg>${browser}</arg>
</arguments>
<msg timestamp="20220213 21:48:39.970" level="INFO">Opening browser 'chrome' to base url 'https://www.postman.com/'.</msg>
<status status="PASS" starttime="20220213 21:48:39.969" endtime="20220213 21:48:42.585"></status>
</kw>
<kw name="Log To Console" library="BuiltIn">
<doc>Logs the given message to the console.</doc>
<arguments>
<arg>ValidLogin</arg>
</arguments>
<status status="PASS" starttime="20220213 21:48:42.586" endtime="20220213 21:48:42.587"></status>
</kw>
<kw name="Maximise Browser" library="CommonFunctionalities">
<kw name="Maximize Browser Window" library="SeleniumLibrary">
<doc>Maximizes current browser window.</doc>
<status status="PASS" starttime="20220213 21:48:42.588" endtime="20220213 21:48:42.714"></status>
</kw>
<status status="PASS" starttime="20220213 21:48:42.588" endtime="20220213 21:48:42.715"></status>
</kw>
<kw name="Navigate To SignIn Page" library="Keywords">
<kw name="Click Element" library="SeleniumLibrary">
<doc>Click the element identified by ``locator``.</doc>
<arguments>
<arg>//div[@class='sc-fzokOt hLgJkJ']//span[@class='Button__StyledButtonText-sc-1lbqkyz-2 ipCVAL aether-button__text' and text()='Sign In']</arg>
</arguments>
<msg timestamp="20220213 21:48:42.719" level="INFO">Clicking element '//div[@class='sc-fzokOt hLgJkJ']//span[@class='Button__StyledButtonText-sc-1lbqkyz-2 ipCVAL aether-button__text' and text()='Sign In']'.</msg>
<status status="PASS" starttime="20220213 21:48:42.717" endtime="20220213 21:48:43.704"></status>
</kw>
<status status="PASS" starttime="20220213 21:48:42.716" endtime="20220213 21:48:43.704"></status>
</kw>
<kw name="Enter Valid username" library="Keywords">
<kw name="Input Text" library="SeleniumLibrary">
<doc>Types the given ``text`` into the text field identified by ``locator``.</doc>
<arguments>
<arg>id:username</arg>
<arg>${Username}</arg>
</arguments>
<msg timestamp="20220213 21:48:43.705" level="INFO">Typing text 'keerthiboston@gmail.com' into text field 'id:username'.</msg>
<status status="PASS" starttime="20220213 21:48:43.705" endtime="20220213 21:48:43.816"></status>
</kw>
<status status="PASS" starttime="20220213 21:48:43.704" endtime="20220213 21:48:43.817"></status>
</kw>
<kw name="Enter Valid password" library="Keywords">
<kw name="Input Text" library="SeleniumLibrary">
<doc>Types the given ``text`` into the text field identified by ``locator``.</doc>
<arguments>
<arg>id:password</arg>
<arg>${Passwords}[ValidPassword]</arg>
</arguments>
<msg timestamp="20220213 21:48:43.818" level="INFO">Typing text 'Boston@1234' into text field 'id:password'.</msg>
<status status="PASS" starttime="20220213 21:48:43.817" endtime="20220213 21:48:43.929"></status>
</kw>
<status status="PASS" starttime="20220213 21:48:43.817" endtime="20220213 21:48:43.929"></status>
</kw>
<kw name="Click on SignIn Button" library="Keywords">
<kw name="Click Button" library="SeleniumLibrary">
<doc>Clicks the button identified by ``locator``.</doc>
<arguments>
<arg>id:sign-in-btn</arg>
</arguments>
<msg timestamp="20220213 21:48:43.931" level="INFO">Clicking button 'id:sign-in-btn'.</msg>
<status status="PASS" starttime="20220213 21:48:43.930" endtime="20220213 21:48:44.008"></status>
</kw>
<status status="PASS" starttime="20220213 21:48:43.930" endtime="20220213 21:48:44.010"></status>
</kw>
<kw name="Wait Until Page Contains Element" library="SeleniumLibrary">
<doc>Waits until the element ``locator`` appears on the current page.</doc>
<arguments>
<arg>${HomePageElement}</arg>
<arg>error=element not found</arg>
</arguments>
<status status="PASS" starttime="20220213 21:48:44.010" endtime="20220213 21:48:49.153"></status>
</kw>
<kw name="Verify HomePageTitle" library="CommonFunctionalities">
<kw name="Get Title" library="SeleniumLibrary">
<doc>Returns the title of the current page.</doc>
<assign>
<var>${Title}</var>
</assign>
<msg timestamp="20220213 21:48:49.512" level="INFO">${Title} = Postman API Platform</msg>
<status status="PASS" starttime="20220213 21:48:49.155" endtime="20220213 21:48:49.513"></status>
</kw>
<kw name="Should Be Equal" library="BuiltIn">
<doc>Fails if the given objects are unequal.</doc>
<arguments>
<arg>${Title}</arg>
<arg>${ExpectedwindowTitle}[1]</arg>
</arguments>
<status status="PASS" starttime="20220213 21:48:49.513" endtime="20220213 21:48:49.514"></status>
</kw>
<status status="PASS" starttime="20220213 21:48:49.154" endtime="20220213 21:48:49.515"></status>
</kw>
<kw name="Close Browser" library="SeleniumLibrary" type="teardown">
<doc>Closes the current browser.</doc>
<status status="PASS" starttime="20220213 21:48:49.516" endtime="20220213 21:48:51.908"></status>
</kw>
<tags>
<tag>SmokeTest</tag>
</tags>
<status status="PASS" starttime="20220213 21:48:39.967" endtime="20220213 21:48:51.908" critical="yes"></status>
</test>
<test id="s1-s1-s1-s1-t3" name="TestCase3: LoginTest with InValidCredentials">
<kw name="Open Browser" library="SeleniumLibrary" type="setup">
<doc>Opens a new browser instance to the optional ``url``.</doc>
<arguments>
<arg>${url}</arg>
<arg>${browser}</arg>
</arguments>
<msg timestamp="20220213 21:48:51.912" level="INFO">Opening browser 'chrome' to base url 'https://www.postman.com/'.</msg>
<status status="PASS" starttime="20220213 21:48:51.911" endtime="20220213 21:48:54.463"></status>
</kw>
<kw name="Log To Console" library="BuiltIn">
<doc>Logs the given message to the console.</doc>
<arguments>
<arg>InValidLogin</arg>
</arguments>
<status status="PASS" starttime="20220213 21:48:54.463" endtime="20220213 21:48:54.464"></status>
</kw>
<kw name="Maximise Browser" library="CommonFunctionalities">
<kw name="Maximize Browser Window" library="SeleniumLibrary">
<doc>Maximizes current browser window.</doc>
<status status="PASS" starttime="20220213 21:48:54.466" endtime="20220213 21:48:54.627"></status>
</kw>
<status status="PASS" starttime="20220213 21:48:54.465" endtime="20220213 21:48:54.627"></status>
</kw>
<kw name="Wait" library="CommonFunctionalities">
<kw name="Set Selenium Implicit Wait" library="SeleniumLibrary">
<doc>Sets the implicit wait value used by Selenium.</doc>
<arguments>
<arg>10s</arg>
</arguments>
<status status="PASS" starttime="20220213 21:48:54.629" endtime="20220213 21:48:54.633"></status>
</kw>
<status status="PASS" starttime="20220213 21:48:54.627" endtime="20220213 21:48:54.634"></status>
</kw>
<kw name="Navigate To SignIn Page" library="Keywords">
<kw name="Click Element" library="SeleniumLibrary">
<doc>Click the element identified by ``locator``.</doc>
<arguments>
<arg>//div[@class='sc-fzokOt hLgJkJ']//span[@class='Button__StyledButtonText-sc-1lbqkyz-2 ipCVAL aether-button__text' and text()='Sign In']</arg>
</arguments>
<msg timestamp="20220213 21:48:54.639" level="INFO">Clicking element '//div[@class='sc-fzokOt hLgJkJ']//span[@class='Button__StyledButtonText-sc-1lbqkyz-2 ipCVAL aether-button__text' and text()='Sign In']'.</msg>
<status status="PASS" starttime="20220213 21:48:54.638" endtime="20220213 21:48:55.563"></status>
</kw>
<status status="PASS" starttime="20220213 21:48:54.635" endtime="20220213 21:48:55.563"></status>
</kw>
<kw name="Enter Valid username" library="Keywords">
<kw name="Input Text" library="SeleniumLibrary">
<doc>Types the given ``text`` into the text field identified by ``locator``.</doc>
<arguments>
<arg>id:username</arg>
<arg>${Username}</arg>
</arguments>
<msg timestamp="20220213 21:48:55.565" level="INFO">Typing text 'keerthiboston@gmail.com' into text field 'id:username'.</msg>
<status status="PASS" starttime="20220213 21:48:55.564" endtime="20220213 21:48:55.677"></status>
</kw>
<status status="PASS" starttime="20220213 21:48:55.564" endtime="20220213 21:48:55.679"></status>
</kw>
<kw name="Enter InValid password" library="Keywords">
<kw name="Input Text" library="SeleniumLibrary">
<doc>Types the given ``text`` into the text field identified by ``locator``.</doc>
<arguments>
<arg>id:password</arg>
<arg>${Passwords}[InvalidPassword]</arg>
</arguments>
<msg timestamp="20220213 21:48:55.683" level="INFO">Typing text 'Incorrectpassword@1234' into text field 'id:password'.</msg>
<status status="PASS" starttime="20220213 21:48:55.682" endtime="20220213 21:48:55.823"></status>
</kw>
<status status="PASS" starttime="20220213 21:48:55.680" endtime="20220213 21:48:55.824"></status>
</kw>
<kw name="Click on SignIn Button" library="Keywords">
<kw name="Click Button" library="SeleniumLibrary">
<doc>Clicks the button identified by ``locator``.</doc>
<arguments>
<arg>id:sign-in-btn</arg>
</arguments>
<msg timestamp="20220213 21:48:55.826" level="INFO">Clicking button 'id:sign-in-btn'.</msg>
<status status="PASS" starttime="20220213 21:48:55.825" endtime="20220213 21:48:55.910"></status>
</kw>
<status status="PASS" starttime="20220213 21:48:55.824" endtime="20220213 21:48:55.910"></status>
</kw>
<kw name="Verify HomePageTitle" library="CommonFunctionalities">
<kw name="Get Title" library="SeleniumLibrary">
<doc>Returns the title of the current page.</doc>
<assign>
<var>${Title}</var>
</assign>
<msg timestamp="20220213 21:48:55.917" level="INFO">${Title} = Postman - Sign In</msg>
<status status="PASS" starttime="20220213 21:48:55.911" endtime="20220213 21:48:55.917"></status>
</kw>
<kw name="Should Be Equal" library="BuiltIn">
<doc>Fails if the given objects are unequal.</doc>
<arguments>
<arg>${Title}</arg>
<arg>${ExpectedwindowTitle}[1]</arg>
</arguments>
<msg timestamp="20220213 21:48:55.918" level="FAIL">Postman - Sign In != Postman API Platform</msg>
<status status="FAIL" starttime="20220213 21:48:55.917" endtime="20220213 21:48:55.918"></status>
</kw>
<status status="FAIL" starttime="20220213 21:48:55.910" endtime="20220213 21:48:55.918"></status>
</kw>
<kw name="Close Browser" library="SeleniumLibrary" type="teardown">
<doc>Closes the current browser.</doc>
<status status="PASS" starttime="20220213 21:48:55.920" endtime="20220213 21:48:58.176"></status>
</kw>
<tags>
<tag>RegressionTest</tag>
</tags>
<status status="FAIL" starttime="20220213 21:48:51.910" endtime="20220213 21:48:58.177" critical="yes">Postman - Sign In != Postman API Platform</status>
</test>
<status status="FAIL" starttime="20220213 21:48:34.130" endtime="20220213 21:48:58.179"></status>
</suite>
<status status="FAIL" starttime="20220213 21:48:34.129" endtime="20220213 21:48:58.183"></status>
</suite>
<status status="FAIL" starttime="20220213 21:48:34.120" endtime="20220213 21:48:58.186"></status>
</suite>
<status status="FAIL" starttime="20220213 21:48:34.090" endtime="20220213 21:48:58.190"></status>
</suite>
<statistics>
<total>
<stat pass="2" fail="1">Critical Tests</stat>
<stat pass="2" fail="1">All Tests</stat>
</total>
<tag>
<stat pass="1" fail="1">RegressionTest</stat>
<stat pass="1" fail="0">SmokeTest</stat>
</tag>
<suite>
<stat pass="2" fail="1" id="s1" name="RobotFW">RobotFW</stat>
<stat pass="2" fail="1" id="s1-s1" name="Test">RobotFW.Test</stat>
<stat pass="2" fail="1" id="s1-s1-s1" name="TestScripts">RobotFW.Test.TestScripts</stat>
<stat pass="2" fail="1" id="s1-s1-s1-s1" name="SampleSuite">RobotFW.Test.TestScripts.SampleSuite</stat>
</suite>
</statistics>
<errors>
</errors>
</robot>
