<?xml version="1.0" encoding="UTF-8"?>
<robot generator="Robot 3.2.2 (Python 3.10.2 on win32)" generated="20220212 13:17:58.613" rpa="false">
<suite id="s1" name="RobotFW" source="C:\Users\Chintu\eclipse-workspace\New\RobotFW">
<suite id="s1-s1" name="Demo" source="C:\Users\Chintu\eclipse-workspace\New\RobotFW\Demo">
<suite id="s1-s1-s1" name="SampleSuite" source="C:\Users\Chintu\eclipse-workspace\New\RobotFW\Demo\SampleSuite.robot">
<test id="s1-s1-s1-t1" name="TestCase1: LoginTest with ValidCredentials">
<kw name="Open Browser" library="SeleniumLibrary" type="setup">
<doc>Opens a new browser instance to the optional ``url``.</doc>
<arguments>
<arg>${url}</arg>
<arg>${browser}</arg>
</arguments>
<msg timestamp="20220212 13:17:58.855" level="INFO">Opening browser 'chrome' to base url 'https://www.postman.com/'.</msg>
<status status="PASS" starttime="20220212 13:17:58.855" endtime="20220212 13:18:01.158"></status>
</kw>
<kw name="Log To Console" library="BuiltIn">
<doc>Logs the given message to the console.</doc>
<arguments>
<arg>ValidLogin</arg>
</arguments>
<status status="PASS" starttime="20220212 13:18:01.158" endtime="20220212 13:18:01.159"></status>
</kw>
<kw name="Maximize Browser Window" library="SeleniumLibrary">
<doc>Maximizes current browser window.</doc>
<status status="PASS" starttime="20220212 13:18:01.159" endtime="20220212 13:18:01.283"></status>
</kw>
<kw name="Navigate To SignIn Page">
<kw name="Click Element" library="SeleniumLibrary">
<doc>Click the element identified by ``locator``.</doc>
<arguments>
<arg>//div[@class='sc-fzokOt hLgJkJ']//span[@class='Button__StyledButtonText-sc-1lbqkyz-2 ipCVAL aether-button__text' and text()='Sign In']</arg>
</arguments>
<msg timestamp="20220212 13:18:01.284" level="INFO">Clicking element '//div[@class='sc-fzokOt hLgJkJ']//span[@class='Button__StyledButtonText-sc-1lbqkyz-2 ipCVAL aether-button__text' and text()='Sign In']'.</msg>
<status status="PASS" starttime="20220212 13:18:01.284" endtime="20220212 13:18:02.150"></status>
</kw>
<status status="PASS" starttime="20220212 13:18:01.283" endtime="20220212 13:18:02.151"></status>
</kw>
<kw name="Enter Valid username">
<kw name="Input Text" library="SeleniumLibrary">
<doc>Types the given ``text`` into the text field identified by ``locator``.</doc>
<arguments>
<arg>id:username</arg>
<arg>${Username}</arg>
</arguments>
<msg timestamp="20220212 13:18:02.152" level="INFO">Typing text 'keerthiboston@gmail.com' into text field 'id:username'.</msg>
<status status="PASS" starttime="20220212 13:18:02.152" endtime="20220212 13:18:02.229"></status>
</kw>
<status status="PASS" starttime="20220212 13:18:02.151" endtime="20220212 13:18:02.230"></status>
</kw>
<kw name="Enter Valid password">
<kw name="Input Text" library="SeleniumLibrary">
<doc>Types the given ``text`` into the text field identified by ``locator``.</doc>
<arguments>
<arg>id:password</arg>
<arg>${Passwords}[ValidPassword]</arg>
</arguments>
<msg timestamp="20220212 13:18:02.230" level="INFO">Typing text 'Boston@1234' into text field 'id:password'.</msg>
<status status="PASS" starttime="20220212 13:18:02.230" endtime="20220212 13:18:02.315"></status>
</kw>
<status status="PASS" starttime="20220212 13:18:02.230" endtime="20220212 13:18:02.315"></status>
</kw>
<kw name="Click on SignIn Button">
<kw name="Click Button" library="SeleniumLibrary">
<doc>Clicks the button identified by ``locator``.</doc>
<arguments>
<arg>id:sign-in-btn</arg>
</arguments>
<msg timestamp="20220212 13:18:02.316" level="INFO">Clicking button 'id:sign-in-btn'.</msg>
<status status="PASS" starttime="20220212 13:18:02.316" endtime="20220212 13:18:02.371"></status>
</kw>
<status status="PASS" starttime="20220212 13:18:02.315" endtime="20220212 13:18:02.371"></status>
</kw>
<kw name="Sleep" library="BuiltIn">
<doc>Pauses the test executed for the given time.</doc>
<arguments>
<arg>5s</arg>
</arguments>
<msg timestamp="20220212 13:18:07.379" level="INFO">Slept 5 seconds</msg>
<status status="PASS" starttime="20220212 13:18:02.371" endtime="20220212 13:18:07.379"></status>
</kw>
<kw name="Verify Window Title">
<kw name="Get Title" library="SeleniumLibrary">
<doc>Returns the title of the current page.</doc>
<assign>
<var>${Title}</var>
</assign>
<msg timestamp="20220212 13:18:07.643" level="INFO">${Title} = Postman API Platform</msg>
<status status="PASS" starttime="20220212 13:18:07.382" endtime="20220212 13:18:07.643"></status>
</kw>
<kw name="Log To Console" library="BuiltIn">
<doc>Logs the given message to the console.</doc>
<arguments>
<arg>${Title}</arg>
</arguments>
<status status="PASS" starttime="20220212 13:18:07.644" endtime="20220212 13:18:07.644"></status>
</kw>
<kw name="Should Be Equal" library="BuiltIn">
<doc>Fails if the given objects are unequal.</doc>
<arguments>
<arg>${Title}</arg>
<arg>${ExpectedwindowTitleAfterSignIn}</arg>
</arguments>
<status status="PASS" starttime="20220212 13:18:07.644" endtime="20220212 13:18:07.645"></status>
</kw>
<status status="PASS" starttime="20220212 13:18:07.381" endtime="20220212 13:18:07.645"></status>
</kw>
<kw name="Close Browser" library="SeleniumLibrary" type="teardown">
<doc>Closes the current browser.</doc>
<status status="PASS" starttime="20220212 13:18:07.645" endtime="20220212 13:18:09.916"></status>
</kw>
<tags>
<tag>HappyPath</tag>
</tags>
<status status="PASS" starttime="20220212 13:17:58.854" endtime="20220212 13:18:09.916" critical="yes"></status>
</test>
<test id="s1-s1-s1-t2" name="TestCase2: LoginTest with InValidCredentials">
<kw name="Open Browser" library="SeleniumLibrary" type="setup">
<doc>Opens a new browser instance to the optional ``url``.</doc>
<arguments>
<arg>${url}</arg>
<arg>${browser}</arg>
</arguments>
<msg timestamp="20220212 13:18:09.918" level="INFO">Opening browser 'chrome' to base url 'https://www.postman.com/'.</msg>
<status status="PASS" starttime="20220212 13:18:09.917" endtime="20220212 13:18:11.958"></status>
</kw>
<kw name="Log To Console" library="BuiltIn">
<doc>Logs the given message to the console.</doc>
<arguments>
<arg>InValidLogin</arg>
</arguments>
<status status="PASS" starttime="20220212 13:18:11.958" endtime="20220212 13:18:11.959"></status>
</kw>
<kw name="Maximize Browser Window" library="SeleniumLibrary">
<doc>Maximizes current browser window.</doc>
<status status="PASS" starttime="20220212 13:18:11.959" endtime="20220212 13:18:12.090"></status>
</kw>
<kw name="Navigate To SignIn Page">
<kw name="Click Element" library="SeleniumLibrary">
<doc>Click the element identified by ``locator``.</doc>
<arguments>
<arg>//div[@class='sc-fzokOt hLgJkJ']//span[@class='Button__StyledButtonText-sc-1lbqkyz-2 ipCVAL aether-button__text' and text()='Sign In']</arg>
</arguments>
<msg timestamp="20220212 13:18:12.093" level="INFO">Clicking element '//div[@class='sc-fzokOt hLgJkJ']//span[@class='Button__StyledButtonText-sc-1lbqkyz-2 ipCVAL aether-button__text' and text()='Sign In']'.</msg>
<status status="PASS" starttime="20220212 13:18:12.092" endtime="20220212 13:18:12.999"></status>
</kw>
<status status="PASS" starttime="20220212 13:18:12.091" endtime="20220212 13:18:12.999"></status>
</kw>
<kw name="Enter Valid username">
<kw name="Input Text" library="SeleniumLibrary">
<doc>Types the given ``text`` into the text field identified by ``locator``.</doc>
<arguments>
<arg>id:username</arg>
<arg>${Username}</arg>
</arguments>
<msg timestamp="20220212 13:18:13.000" level="INFO">Typing text 'keerthiboston@gmail.com' into text field 'id:username'.</msg>
<status status="PASS" starttime="20220212 13:18:13.000" endtime="20220212 13:18:13.075"></status>
</kw>
<status status="PASS" starttime="20220212 13:18:12.999" endtime="20220212 13:18:13.075"></status>
</kw>
<kw name="Enter InValid password">
<kw name="Input Text" library="SeleniumLibrary">
<doc>Types the given ``text`` into the text field identified by ``locator``.</doc>
<arguments>
<arg>id:password</arg>
<arg>${Passwords}[InvalidPassword]</arg>
</arguments>
<msg timestamp="20220212 13:18:13.076" level="INFO">Typing text 'Incorrectpassword@1234' into text field 'id:password'.</msg>
<status status="PASS" starttime="20220212 13:18:13.076" endtime="20220212 13:18:13.158"></status>
</kw>
<status status="PASS" starttime="20220212 13:18:13.076" endtime="20220212 13:18:13.158"></status>
</kw>
<kw name="Click on SignIn Button">
<kw name="Click Button" library="SeleniumLibrary">
<doc>Clicks the button identified by ``locator``.</doc>
<arguments>
<arg>id:sign-in-btn</arg>
</arguments>
<msg timestamp="20220212 13:18:13.159" level="INFO">Clicking button 'id:sign-in-btn'.</msg>
<status status="PASS" starttime="20220212 13:18:13.159" endtime="20220212 13:18:13.210"></status>
</kw>
<status status="PASS" starttime="20220212 13:18:13.158" endtime="20220212 13:18:13.210"></status>
</kw>
<kw name="Verify Window Title">
<kw name="Get Title" library="SeleniumLibrary">
<doc>Returns the title of the current page.</doc>
<assign>
<var>${Title}</var>
</assign>
<msg timestamp="20220212 13:18:13.217" level="INFO">${Title} = Postman - Sign In</msg>
<status status="PASS" starttime="20220212 13:18:13.211" endtime="20220212 13:18:13.217"></status>
</kw>
<kw name="Log To Console" library="BuiltIn">
<doc>Logs the given message to the console.</doc>
<arguments>
<arg>${Title}</arg>
</arguments>
<status status="PASS" starttime="20220212 13:18:13.217" endtime="20220212 13:18:13.217"></status>
</kw>
<kw name="Should Be Equal" library="BuiltIn">
<doc>Fails if the given objects are unequal.</doc>
<arguments>
<arg>${Title}</arg>
<arg>${ExpectedwindowTitleAfterSignIn}</arg>
</arguments>
<msg timestamp="20220212 13:18:13.218" level="FAIL">Postman - Sign In != Postman API Platform</msg>
<status status="FAIL" starttime="20220212 13:18:13.218" endtime="20220212 13:18:13.219"></status>
</kw>
<status status="FAIL" starttime="20220212 13:18:13.210" endtime="20220212 13:18:13.219"></status>
</kw>
<kw name="Close Browser" library="SeleniumLibrary" type="teardown">
<doc>Closes the current browser.</doc>
<status status="PASS" starttime="20220212 13:18:13.219" endtime="20220212 13:18:15.424"></status>
</kw>
<tags>
<tag>SadPath</tag>
</tags>
<status status="FAIL" starttime="20220212 13:18:09.917" endtime="20220212 13:18:15.425" critical="yes">Postman - Sign In != Postman API Platform</status>
</test>
<status status="FAIL" starttime="20220212 13:17:58.669" endtime="20220212 13:18:15.428"></status>
</suite>
<status status="FAIL" starttime="20220212 13:17:58.667" endtime="20220212 13:18:15.430"></status>
</suite>
<status status="FAIL" starttime="20220212 13:17:58.646" endtime="20220212 13:18:15.432"></status>
</suite>
<statistics>
<total>
<stat pass="1" fail="1">Critical Tests</stat>
<stat pass="1" fail="1">All Tests</stat>
</total>
<tag>
<stat pass="1" fail="0">HappyPath</stat>
<stat pass="0" fail="1">SadPath</stat>
</tag>
<suite>
<stat pass="1" fail="1" id="s1" name="RobotFW">RobotFW</stat>
<stat pass="1" fail="1" id="s1-s1" name="Demo">RobotFW.Demo</stat>
<stat pass="1" fail="1" id="s1-s1-s1" name="SampleSuite">RobotFW.Demo.SampleSuite</stat>
</suite>
</statistics>
<errors>
</errors>
</robot>
